<?xml version="1.0" encoding="UTF-8"?>
<testsuite name="com.mrn.springstart.repository.MemoryMemberRepositoryTest" tests="3" skipped="0" failures="0" errors="0" timestamp="2023-08-14T18:19:01" hostname="MRN" time="0.196">
  <properties/>
  <testcase name="findAll()" classname="com.mrn.springstart.repository.MemoryMemberRepositoryTest" time="0.179"/>
  <testcase name="findByName()" classname="com.mrn.springstart.repository.MemoryMemberRepositoryTest" time="0.008"/>
  <testcase name="save()" classname="com.mrn.springstart.repository.MemoryMemberRepositoryTest" time="0.003"/>
  <system-out><![CDATA[]]></system-out>
  <system-err><![CDATA[]]></system-err>
</testsuite>
