<?xml version="1.0" encoding="UTF-8"?>
<testsuite name="com.mrn.springstart.service.MemberServiceTest" tests="1" skipped="0" failures="0" errors="0" timestamp="2023-08-16T04:25:04" hostname="MRN" time="0.076">
  <properties/>
  <testcase name="회원가입()" classname="com.mrn.springstart.service.MemberServiceTest" time="0.076"/>
  <system-out><![CDATA[]]></system-out>
  <system-err><![CDATA[]]></system-err>
</testsuite>
