<?xml version="1.0" encoding="UTF-8"?>
<testsuite name="com.mrn.springstart.service.MemberServiceTest" tests="3" skipped="0" failures="0" errors="0" timestamp="2023-08-16T06:45:00" hostname="MRN" time="0.1">
  <properties/>
  <testcase name="findOne()" classname="com.mrn.springstart.service.MemberServiceTest" time="0.029"/>
  <testcase name="중복_회원_예외()" classname="com.mrn.springstart.service.MemberServiceTest" time="0.064"/>
  <testcase name="회원가입()" classname="com.mrn.springstart.service.MemberServiceTest" time="0.004"/>
  <system-out><![CDATA[]]></system-out>
  <system-err><![CDATA[]]></system-err>
</testsuite>
